{"name":"Register Failed","id":"register;register-failed","testSteps":[{"number":1,"description":"Example 1: {document\u003deeeee, email\u003dwinnerstosenasoft2023@gmail.com, password\u003datunconmayonesa}","duration":55962,"startTime":"2023-09-19T16:10:11.777194600-05:00[America/Bogota]","exception":{"errorType":"java.lang.AssertionError","message":"no such element: Unable to locate element: {\"method\":\"xpath\",\"selector\":\"//ul[@class\u003d\u0027woocommerce-error\u0027]//li[contains(text(),\u0027{0}\u0027)]\"}\n  (Session info: chrome\u003d117.0.5938.89)\nFor documentation on this error, please visit: https://www.seleniumhq.org/exceptions/no_such_element.html\nBuild info: version: \u00273.141.59\u0027, revision: \u0027e82be7d358\u0027, time: \u00272018-11-14T08:17:03\u0027\nSystem info: host: \u0027DESKTOP-0AB3449\u0027, ip: \u0027192.168.45.213\u0027, os.name: \u0027Windows 10\u0027, os.arch: \u0027amd64\u0027, os.version: \u002710.0\u0027, java.version: \u002711.0.20.1\u0027\nDriver info: org.openqa.selenium.chrome.ChromeDriver\nCapabilities {acceptInsecureCerts: false, browserName: chrome, browserVersion: 117.0.5938.89, chrome: {chromedriverVersion: 117.0.5938.88 (be6afae47212..., userDataDir: C:\\Users\\User\\AppData\\Local...}, fedcm:accounts: true, goog:chromeOptions: {debuggerAddress: localhost:64421}, javascriptEnabled: true, networkConnectionEnabled: false, pageLoadStrategy: normal, platform: WINDOWS, platformName: WINDOWS, proxy: Proxy(), setWindowRect: true, strictFileInteractability: false, timeouts: {implicit: 0, pageLoad: 300000, script: 30000}, unhandledPromptBehavior: dismiss and notify, webauthn:extension:credBlob: true, webauthn:extension:largeBlob: true, webauthn:extension:minPinLength: true, webauthn:extension:prf: true, webauthn:virtualAuthenticators: true}\nSession ID: 8b4b93eda97493551a05dec906a9c16b\n*** Element info: {Using\u003dxpath, value\u003d//ul[@class\u003d\u0027woocommerce-error\u0027]//li[contains(text(),\u0027{0}\u0027)]}","stackTrace":[{"declaringClass":"stepsdefinitions.RegisterStepDefinitions","methodName":"theUserShouldSeeAErrorMessage","fileName":"RegisterStepDefinitions.java","lineNumber":87},{"declaringClass":"✽","methodName":"the user should see a error message","fileName":"file:///C:/Users/User/Documents/GitHub/Automatizacion-Selenium/ScreenPlay/Projects/RepoSenaSoft/Bon-Bonnite/untitled/src/test/resources/features/register.feature","lineNumber":19}]},"result":"FAILURE","precondition":false,"level":0,"lineNumber":22,"children":[{"number":2,"description":"Given the user is in the login page","duration":19639,"startTime":"2023-09-19T16:10:11.861140700-05:00[America/Bogota]","screenshots":[{"screenshot":"75184ff34e3ee0d1bc485e1b0ae8958f080de056be381b5f4679851336abcb3d.png","timeStamp":1695157831500}],"result":"SUCCESS","precondition":false,"level":1,"children":[{"number":3,"description":"user opens the https://www.bon-bonite.com/","duration":18047,"startTime":"2023-09-19T16:10:12.006050-05:00[America/Bogota]","result":"SUCCESS","precondition":false,"level":2}]},{"number":4,"description":"When the user enter the failed credentials\r\n| document | email | password |\r\n| eeeee | winnerstosenasoft2023@gmail.com | atunconmayonesa |","duration":13844,"startTime":"2023-09-19T16:10:31.504543800-05:00[America/Bogota]","screenshots":[{"screenshot":"75184ff34e3ee0d1bc485e1b0ae8958f080de056be381b5f4679851336abcb3d.png","timeStamp":1695157831534},{"screenshot":"941c28fb8c821293f5fcb8eb2fb51b4f4db5211ec3a3daf71594df29a0fd7588.png","timeStamp":1695157845348}],"result":"SUCCESS","precondition":false,"level":1,"children":[{"number":5,"description":"User click on account icon task","duration":4621,"startTime":"2023-09-19T16:10:31.538523800-05:00[America/Bogota]","screenshots":[{"screenshot":"40fbf521bb4087c5a9ced616d236d72feb4d93983592a137cae2e0a280f101c1.png","timeStamp":1695157832921},{"screenshot":"2eca2c909faf25088de3c465655efbd0640730a146032e5c35814fe376926aaf.png","timeStamp":1695157836159}],"result":"SUCCESS","precondition":false,"level":2,"children":[{"number":6,"description":"user clicks on icon to access to the login-register page or account page","duration":3187,"startTime":"2023-09-19T16:10:32.926863600-05:00[America/Bogota]","screenshots":[{"screenshot":"40fbf521bb4087c5a9ced616d236d72feb4d93983592a137cae2e0a280f101c1.png","timeStamp":1695157832947},{"screenshot":"2eca2c909faf25088de3c465655efbd0640730a146032e5c35814fe376926aaf.png","timeStamp":1695157836113}],"result":"SUCCESS","precondition":false,"level":3}]},{"number":7,"description":"User register task","duration":8871,"startTime":"2023-09-19T16:10:36.163867300-05:00[America/Bogota]","screenshots":[{"screenshot":"30380a617a6dfb7c249d128fcc123fa336509afa73c2ca1178965668a77a8ed4.png","timeStamp":1695157836533},{"screenshot":"1eca450ca97af042c1d5258fd1ad7c5700fe50a3e6f0dae4b70a0476b7821336.png","timeStamp":1695157845034}],"result":"SUCCESS","precondition":false,"level":2,"children":[{"number":8,"description":"user clears field the field text to enter the username","duration":320,"startTime":"2023-09-19T16:10:36.538636100-05:00[America/Bogota]","result":"SUCCESS","precondition":false,"level":3},{"number":9,"description":"user enters \u0027eeeee\u0027 into the field text to enter the username","duration":1108,"startTime":"2023-09-19T16:10:36.870701200-05:00[America/Bogota]","screenshots":[{"screenshot":"625c34678c79e48182c4117f4d6b9c6448a516a43ea6813c8e1e59f1c76945e7.png","timeStamp":1695157837187},{"screenshot":"d25b9374af2199f954554616b241a02a3b1f74d34431fede7d8f2433dae33d9d.png","timeStamp":1695157837979}],"result":"SUCCESS","precondition":false,"level":3},{"number":10,"description":"user clears field the field text to enter the address","duration":298,"startTime":"2023-09-19T16:10:37.982386600-05:00[America/Bogota]","result":"SUCCESS","precondition":false,"level":3},{"number":11,"description":"user enters \u0027winnerstosenasoft2023@gmail.com\u0027 into the field text to enter the address","duration":1318,"startTime":"2023-09-19T16:10:38.282615800-05:00[America/Bogota]","screenshots":[{"screenshot":"862096c4623b1211dc6c66d52db091d89723fe1eda89e2f018e2a35b090eee19.png","timeStamp":1695157838576},{"screenshot":"9db2389027a7fa0d97afbc42a72af1167705d3d02605ffafc7f8836b5356217c.png","timeStamp":1695157839601}],"result":"SUCCESS","precondition":false,"level":3},{"number":12,"description":"user clears field the field text to enter the password","duration":362,"startTime":"2023-09-19T16:10:39.748290600-05:00[America/Bogota]","result":"SUCCESS","precondition":false,"level":3},{"number":13,"description":"user enters \u0027atunconmayonesa\u0027 into the field text to enter the password","duration":1434,"startTime":"2023-09-19T16:10:40.111775500-05:00[America/Bogota]","screenshots":[{"screenshot":"6e3017c4356d1996074e83a625a24eebe1b492d68ec438f49171c34063300e2e.png","timeStamp":1695157840475},{"screenshot":"0d1a112171ed227fbcd1b174993a49a2c75c7b7afe3118f23209f3319dd45501.png","timeStamp":1695157841545}],"result":"SUCCESS","precondition":false,"level":3},{"number":14,"description":"user clicks on the checkbox to registere","duration":602,"startTime":"2023-09-19T16:10:41.548951800-05:00[America/Bogota]","screenshots":[{"screenshot":"0d1a112171ed227fbcd1b174993a49a2c75c7b7afe3118f23209f3319dd45501.png","timeStamp":1695157841573},{"screenshot":"b017218642ca5a47870d6975c58b086a938c5caa294997c19d817b3832409468.png","timeStamp":1695157842151}],"result":"SUCCESS","precondition":false,"level":3},{"number":15,"description":"user clicks on the btn to register","duration":2847,"startTime":"2023-09-19T16:10:42.154708800-05:00[America/Bogota]","screenshots":[{"screenshot":"b017218642ca5a47870d6975c58b086a938c5caa294997c19d817b3832409468.png","timeStamp":1695157842179},{"screenshot":"1eca450ca97af042c1d5258fd1ad7c5700fe50a3e6f0dae4b70a0476b7821336.png","timeStamp":1695157845001}],"result":"SUCCESS","precondition":false,"level":3}]}]},{"number":16,"description":"Then the user should see a error message","duration":21018,"startTime":"2023-09-19T16:10:45.351770800-05:00[America/Bogota]","screenshots":[{"screenshot":"941c28fb8c821293f5fcb8eb2fb51b4f4db5211ec3a3daf71594df29a0fd7588.png","timeStamp":1695157845372}],"exception":{"errorType":"java.lang.AssertionError","message":"no such element: Unable to locate element: {\"method\":\"xpath\",\"selector\":\"//ul[@class\u003d\u0027woocommerce-error\u0027]//li[contains(text(),\u0027{0}\u0027)]\"}\n  (Session info: chrome\u003d117.0.5938.89)\nFor documentation on this error, please visit: https://www.seleniumhq.org/exceptions/no_such_element.html\nBuild info: version: \u00273.141.59\u0027, revision: \u0027e82be7d358\u0027, time: \u00272018-11-14T08:17:03\u0027\nSystem info: host: \u0027DESKTOP-0AB3449\u0027, ip: \u0027192.168.45.213\u0027, os.name: \u0027Windows 10\u0027, os.arch: \u0027amd64\u0027, os.version: \u002710.0\u0027, java.version: \u002711.0.20.1\u0027\nDriver info: org.openqa.selenium.chrome.ChromeDriver\nCapabilities {acceptInsecureCerts: false, browserName: chrome, browserVersion: 117.0.5938.89, chrome: {chromedriverVersion: 117.0.5938.88 (be6afae47212..., userDataDir: C:\\Users\\User\\AppData\\Local...}, fedcm:accounts: true, goog:chromeOptions: {debuggerAddress: localhost:64421}, javascriptEnabled: true, networkConnectionEnabled: false, pageLoadStrategy: normal, platform: WINDOWS, platformName: WINDOWS, proxy: Proxy(), setWindowRect: true, strictFileInteractability: false, timeouts: {implicit: 0, pageLoad: 300000, script: 30000}, unhandledPromptBehavior: dismiss and notify, webauthn:extension:credBlob: true, webauthn:extension:largeBlob: true, webauthn:extension:minPinLength: true, webauthn:extension:prf: true, webauthn:virtualAuthenticators: true}\nSession ID: 8b4b93eda97493551a05dec906a9c16b\n*** Element info: {Using\u003dxpath, value\u003d//ul[@class\u003d\u0027woocommerce-error\u0027]//li[contains(text(),\u0027{0}\u0027)]}","stackTrace":[{"declaringClass":"stepsdefinitions.RegisterStepDefinitions","methodName":"theUserShouldSeeAErrorMessage","fileName":"RegisterStepDefinitions.java","lineNumber":87},{"declaringClass":"✽","methodName":"the user should see a error message","fileName":"file:///C:/Users/User/Documents/GitHub/Automatizacion-Selenium/ScreenPlay/Projects/RepoSenaSoft/Bon-Bonnite/untitled/src/test/resources/features/register.feature","lineNumber":19}]},"result":"FAILURE","precondition":false,"level":1,"children":[{"number":17,"description":"Then register invalid question should be (true)","duration":20913,"startTime":"2023-09-19T16:10:45.377755900-05:00[America/Bogota]","screenshots":[{"screenshot":"941c28fb8c821293f5fcb8eb2fb51b4f4db5211ec3a3daf71594df29a0fd7588.png","timeStamp":1695157845788},{"screenshot":"bfccebe81a04037e62b53ee2fbda90e4500c797266c354f8e084b10b849cb49f.png","htmlSource":"pagesource5204346786348328050.html.txt","timeStamp":1695157866274}],"exception":{"errorType":"org.openqa.selenium.NoSuchElementException","message":"no such element: Unable to locate element: {\"method\":\"xpath\",\"selector\":\"//ul[@class\u003d\u0027woocommerce-error\u0027]//li[contains(text(),\u0027{0}\u0027)]\"}\n  (Session info: chrome\u003d117.0.5938.89)\nFor documentation on this error, please visit: https://www.seleniumhq.org/exceptions/no_such_element.html\nBuild info: version: \u00273.141.59\u0027, revision: \u0027e82be7d358\u0027, time: \u00272018-11-14T08:17:03\u0027\nSystem info: host: \u0027DESKTOP-0AB3449\u0027, ip: \u0027192.168.45.213\u0027, os.name: \u0027Windows 10\u0027, os.arch: \u0027amd64\u0027, os.version: \u002710.0\u0027, java.version: \u002711.0.20.1\u0027\nDriver info: org.openqa.selenium.chrome.ChromeDriver\nCapabilities {acceptInsecureCerts: false, browserName: chrome, browserVersion: 117.0.5938.89, chrome: {chromedriverVersion: 117.0.5938.88 (be6afae47212..., userDataDir: C:\\Users\\User\\AppData\\Local...}, fedcm:accounts: true, goog:chromeOptions: {debuggerAddress: localhost:64421}, javascriptEnabled: true, networkConnectionEnabled: false, pageLoadStrategy: normal, platform: WINDOWS, platformName: WINDOWS, proxy: Proxy(), setWindowRect: true, strictFileInteractability: false, timeouts: {implicit: 0, pageLoad: 300000, script: 30000}, unhandledPromptBehavior: dismiss and notify, webauthn:extension:credBlob: true, webauthn:extension:largeBlob: true, webauthn:extension:minPinLength: true, webauthn:extension:prf: true, webauthn:virtualAuthenticators: true}\nSession ID: 8b4b93eda97493551a05dec906a9c16b\n*** Element info: {Using\u003dxpath, value\u003d//ul[@class\u003d\u0027woocommerce-error\u0027]//li[contains(text(),\u0027{0}\u0027)]}","stackTrace":[{"declaringClass":"questions.RegisterInvalidQuestion","methodName":"answeredBy","fileName":"RegisterInvalidQuestion.java","lineNumber":11},{"declaringClass":"stepsdefinitions.RegisterStepDefinitions","methodName":"theUserShouldSeeAErrorMessage","fileName":"RegisterStepDefinitions.java","lineNumber":87},{"declaringClass":"io.cucumber.java.Invoker","methodName":"doInvoke","fileName":"Invoker.java","lineNumber":66},{"declaringClass":"io.cucumber.java.Invoker","methodName":"invoke","fileName":"Invoker.java","lineNumber":24},{"declaringClass":"io.cucumber.java.AbstractGlueDefinition","methodName":"invokeMethod","fileName":"AbstractGlueDefinition.java","lineNumber":47},{"declaringClass":"io.cucumber.java.JavaStepDefinition","methodName":"execute","fileName":"JavaStepDefinition.java","lineNumber":29},{"declaringClass":"io.cucumber.core.runner.CoreStepDefinition","methodName":"execute","fileName":"CoreStepDefinition.java","lineNumber":66},{"declaringClass":"io.cucumber.core.runner.PickleStepDefinitionMatch","methodName":"runStep","fileName":"PickleStepDefinitionMatch.java","lineNumber":63},{"declaringClass":"io.cucumber.core.runner.TestStep","methodName":"executeStep","fileName":"TestStep.java","lineNumber":92},{"declaringClass":"io.cucumber.core.runner.TestStep","methodName":"run","fileName":"TestStep.java","lineNumber":64},{"declaringClass":"io.cucumber.core.runner.PickleStepTestStep","methodName":"run","fileName":"PickleStepTestStep.java","lineNumber":51},{"declaringClass":"io.cucumber.core.runner.TestCase","methodName":"run","fileName":"TestCase.java","lineNumber":104},{"declaringClass":"io.cucumber.core.runner.Runner","methodName":"runPickle","fileName":"Runner.java","lineNumber":73},{"declaringClass":"io.cucumber.junit.FeatureRunner","methodName":"runChild","fileName":"FeatureRunner.java","lineNumber":135},{"declaringClass":"io.cucumber.junit.FeatureRunner","methodName":"runChild","fileName":"FeatureRunner.java","lineNumber":27},{"declaringClass":"io.cucumber.junit.CucumberSerenityRunner","methodName":"runChild","fileName":"CucumberSerenityRunner.java","lineNumber":234},{"declaringClass":"io.cucumber.junit.CucumberSerenityRunner","methodName":"runChild","fileName":"CucumberSerenityRunner.java","lineNumber":57}]},"result":"ERROR","precondition":false,"level":2}]}]}],"userStory":{"id":"register","storyName":"Register","path":"file:///C:/Users/User/Documents/GitHub/Automatizacion-Selenium/ScreenPlay/Projects/RepoSenaSoft/Bon-Bonnite/untitled/src/test/resources/features/register.feature","type":"feature"},"featureTag":{"name":"Register","type":"feature","displayName":"Register"},"title":"Register Failed","description":"","tags":[{"name":"Register","type":"feature","displayName":"Register"}],"startTime":"2023-09-19T16:10:11.723227900-05:00[America/Bogota]","duration":56020,"testFailureCause":{"errorType":"org.openqa.selenium.NoSuchElementException","message":"no such element: Unable to locate element: {\"method\":\"xpath\",\"selector\":\"//ul[@class\u003d\u0027woocommerce-error\u0027]//li[contains(text(),\u0027{0}\u0027)]\"}\n  (Session info: chrome\u003d117.0.5938.89)\nFor documentation on this error, please visit: https://www.seleniumhq.org/exceptions/no_such_element.html\nBuild info: version: \u00273.141.59\u0027, revision: \u0027e82be7d358\u0027, time: \u00272018-11-14T08:17:03\u0027\nSystem info: host: \u0027DESKTOP-0AB3449\u0027, ip: \u0027192.168.45.213\u0027, os.name: \u0027Windows 10\u0027, os.arch: \u0027amd64\u0027, os.version: \u002710.0\u0027, java.version: \u002711.0.20.1\u0027\nDriver info: org.openqa.selenium.chrome.ChromeDriver\nCapabilities {acceptInsecureCerts: false, browserName: chrome, browserVersion: 117.0.5938.89, chrome: {chromedriverVersion: 117.0.5938.88 (be6afae47212..., userDataDir: C:\\Users\\User\\AppData\\Local...}, fedcm:accounts: true, goog:chromeOptions: {debuggerAddress: localhost:64421}, javascriptEnabled: true, networkConnectionEnabled: false, pageLoadStrategy: normal, platform: WINDOWS, platformName: WINDOWS, proxy: Proxy(), setWindowRect: true, strictFileInteractability: false, timeouts: {implicit: 0, pageLoad: 300000, script: 30000}, unhandledPromptBehavior: dismiss and notify, webauthn:extension:credBlob: true, webauthn:extension:largeBlob: true, webauthn:extension:minPinLength: true, webauthn:extension:prf: true, webauthn:virtualAuthenticators: true}\nSession ID: 8b4b93eda97493551a05dec906a9c16b\n*** Element info: {Using\u003dxpath, value\u003d//ul[@class\u003d\u0027woocommerce-error\u0027]//li[contains(text(),\u0027{0}\u0027)]}","stackTrace":[{"declaringClass":"questions.RegisterInvalidQuestion","methodName":"answeredBy","fileName":"RegisterInvalidQuestion.java","lineNumber":11},{"declaringClass":"stepsdefinitions.RegisterStepDefinitions","methodName":"theUserShouldSeeAErrorMessage","fileName":"RegisterStepDefinitions.java","lineNumber":87},{"declaringClass":"io.cucumber.java.Invoker","methodName":"doInvoke","fileName":"Invoker.java","lineNumber":66},{"declaringClass":"io.cucumber.java.Invoker","methodName":"invoke","fileName":"Invoker.java","lineNumber":24},{"declaringClass":"io.cucumber.java.AbstractGlueDefinition","methodName":"invokeMethod","fileName":"AbstractGlueDefinition.java","lineNumber":47},{"declaringClass":"io.cucumber.java.JavaStepDefinition","methodName":"execute","fileName":"JavaStepDefinition.java","lineNumber":29},{"declaringClass":"io.cucumber.core.runner.CoreStepDefinition","methodName":"execute","fileName":"CoreStepDefinition.java","lineNumber":66},{"declaringClass":"io.cucumber.core.runner.PickleStepDefinitionMatch","methodName":"runStep","fileName":"PickleStepDefinitionMatch.java","lineNumber":63},{"declaringClass":"io.cucumber.core.runner.TestStep","methodName":"executeStep","fileName":"TestStep.java","lineNumber":92},{"declaringClass":"io.cucumber.core.runner.TestStep","methodName":"run","fileName":"TestStep.java","lineNumber":64},{"declaringClass":"io.cucumber.core.runner.PickleStepTestStep","methodName":"run","fileName":"PickleStepTestStep.java","lineNumber":51},{"declaringClass":"io.cucumber.core.runner.TestCase","methodName":"run","fileName":"TestCase.java","lineNumber":104},{"declaringClass":"io.cucumber.core.runner.Runner","methodName":"runPickle","fileName":"Runner.java","lineNumber":73},{"declaringClass":"io.cucumber.junit.FeatureRunner","methodName":"runChild","fileName":"FeatureRunner.java","lineNumber":135},{"declaringClass":"io.cucumber.junit.FeatureRunner","methodName":"runChild","fileName":"FeatureRunner.java","lineNumber":27},{"declaringClass":"io.cucumber.junit.CucumberSerenityRunner","methodName":"runChild","fileName":"CucumberSerenityRunner.java","lineNumber":234},{"declaringClass":"io.cucumber.junit.CucumberSerenityRunner","methodName":"runChild","fileName":"CucumberSerenityRunner.java","lineNumber":57}]},"testFailureClassname":"org.openqa.selenium.NoSuchElementException","testFailureMessage":"no such element: Unable to locate element: {\"method\":\"xpath\",\"selector\":\"//ul[@class\u003d\u0027woocommerce-error\u0027]//li[contains(text(),\u0027{0}\u0027)]\"}\n  (Session info: chrome\u003d117.0.5938.89)\nFor documentation on this error, please visit: https://www.seleniumhq.org/exceptions/no_such_element.html\nBuild info: version: \u00273.141.59\u0027, revision: \u0027e82be7d358\u0027, time: \u00272018-11-14T08:17:03\u0027\nSystem info: host: \u0027DESKTOP-0AB3449\u0027, ip: \u0027192.168.45.213\u0027, os.name: \u0027Windows 10\u0027, os.arch: \u0027amd64\u0027, os.version: \u002710.0\u0027, java.version: \u002711.0.20.1\u0027\nDriver info: org.openqa.selenium.chrome.ChromeDriver\nCapabilities {acceptInsecureCerts: false, browserName: chrome, browserVersion: 117.0.5938.89, chrome: {chromedriverVersion: 117.0.5938.88 (be6afae47212..., userDataDir: C:\\Users\\User\\AppData\\Local...}, fedcm:accounts: true, goog:chromeOptions: {debuggerAddress: localhost:64421}, javascriptEnabled: true, networkConnectionEnabled: false, pageLoadStrategy: normal, platform: WINDOWS, platformName: WINDOWS, proxy: Proxy(), setWindowRect: true, strictFileInteractability: false, timeouts: {implicit: 0, pageLoad: 300000, script: 30000}, unhandledPromptBehavior: dismiss and notify, webauthn:extension:credBlob: true, webauthn:extension:largeBlob: true, webauthn:extension:minPinLength: true, webauthn:extension:prf: true, webauthn:virtualAuthenticators: true}\nSession ID: 8b4b93eda97493551a05dec906a9c16b\n*** Element info: {Using\u003dxpath, value\u003d//ul[@class\u003d\u0027woocommerce-error\u0027]//li[contains(text(),\u0027{0}\u0027)]}","testFailureSummary":"ERROR;org.openqa.selenium.NoSuchElementException;no such element: Unable to locate element: {\"method\":\"xpath\",\"selector\":\"//ul[@class\u003d\u0027woocommerce-error\u0027]//li[contains(text(),\u0027{0}\u0027)]\"}\n  (Session info: chrome\u003d117.0.5938.89)\nFor documentation on this error, please visit: https://www.seleniumhq.org/exceptions/no_such_element.html\nBuild info: version: \u00273.141.59\u0027, revision: \u0027e82be7d358\u0027, time: \u00272018-11-14T08:17:03\u0027\nSystem info: host: \u0027DESKTOP-0AB3449\u0027, ip: \u0027192.168.45.213\u0027, os.name: \u0027Windows 10\u0027, os.arch: \u0027amd64\u0027, os.version: \u002710.0\u0027, java.version: \u002711.0.20.1\u0027\nDriver info: org.openqa.selenium.chrome.ChromeDriver\nCapabilities {acceptInsecureCerts: false, browserName: chrome, browserVersion: 117.0.5938.89, chrome: {chromedriverVersion: 117.0.5938.88 (be6afae47212..., userDataDir: C:\\Users\\User\\AppData\\Local...}, fedcm:accounts: true, goog:chromeOptions: {debuggerAddress: localhost:64421}, javascriptEnabled: true, networkConnectionEnabled: false, pageLoadStrategy: normal, platform: WINDOWS, platformName: WINDOWS, proxy: Proxy(), setWindowRect: true, strictFileInteractability: false, timeouts: {implicit: 0, pageLoad: 300000, script: 30000}, unhandledPromptBehavior: dismiss and notify, webauthn:extension:credBlob: true, webauthn:extension:largeBlob: true, webauthn:extension:minPinLength: true, webauthn:extension:prf: true, webauthn:virtualAuthenticators: true}\nSession ID: 8b4b93eda97493551a05dec906a9c16b\n*** Element info: {Using\u003dxpath, value\u003d//ul[@class\u003d\u0027woocommerce-error\u0027]//li[contains(text(),\u0027{0}\u0027)]};RegisterInvalidQuestion.java","projectKey":"","annotatedResult":"ERROR","isManualTestingUpToDate":false,"dataTable":{"headers":["document","email","password"],"rows":[{"values":["eeeee","winnerstosenasoft2023@gmail.com","atunconmayonesa"],"lineNumber":22,"result":"ERROR"}],"predefinedRows":true,"scenarioOutline":"Given the user is in the login page\n\rWhen the user enter the failed credentials\n\rThen the user should see a error message\n\r","dataSetDescriptors":[{"startRow":0,"rowCount":0,"name":"","description":""}]},"manual":false,"testSource":"Cucumber","actors":[{"name":"user","can":["browse the web"]}],"result":"ERROR","scenarioOutline":"Given the user is in the login page\r\nWhen the user enter the failed credentials\r\n|document | email | password|\r\n|\u003cdocument\u003e | \u003cemail\u003e | \u003cpassword\u003e|\r\nThen the user should see a error message"}