<?xml version="1.0" encoding="UTF-8"?><testsuite errors="3" failures="0" name="Register" skipped="0" tests="3" time="175.14" timestamp="2023-09-19 04:26:15"><testcase name="Register Successful"><error message="no such element: Unable to locate element: {&quot;method&quot;:&quot;xpath&quot;,&quot;selector&quot;:&quot;//a[contains(text(),'Lista de deseos')]&quot;}&#10;  (Session info: chrome=117.0.5938.89)&#10;For documentation on this error, please visit: https://www.seleniumhq.org/exceptions/no_such_element.html&#10;Build info: version: '3.141.59', revision: 'e82be7d358', time: '2018-11-14T08:17:03'&#10;System info: host: 'DESKTOP-0AB3449', ip: '192.168.45.213', os.name: 'Windows 10', os.arch: 'amd64', os.version: '10.0', java.version: '11.0.20.1'&#10;Driver info: org.openqa.selenium.chrome.ChromeDriver&#10;Capabilities {acceptInsecureCerts: false, browserName: chrome, browserVersion: 117.0.5938.89, chrome: {chromedriverVersion: 117.0.5938.88 (be6afae47212..., userDataDir: C:\Users\User\AppData\Local...}, fedcm:accounts: true, goog:chromeOptions: {debuggerAddress: localhost:64641}, javascriptEnabled: true, networkConnectionEnabled: false, pageLoadStrategy: normal, platform: WINDOWS, platformName: WINDOWS, proxy: Proxy(), setWindowRect: true, strictFileInteractability: false, timeouts: {implicit: 0, pageLoad: 300000, script: 30000}, unhandledPromptBehavior: dismiss and notify, webauthn:extension:credBlob: true, webauthn:extension:largeBlob: true, webauthn:extension:minPinLength: true, webauthn:extension:prf: true, webauthn:virtualAuthenticators: true}&#10;Session ID: 689a4430ccc84137e651d58010096ebe&#10;*** Element info: {Using=xpath, value=//a[contains(text(),'Lista de deseos')]}" type="java.lang.AssertionError">no such element: Unable to locate element: {"method":"xpath","selector":"//a[contains(text(),'Lista de deseos')]"}
  (Session info: chrome=117.0.5938.89)
For documentation on this error, please visit: https://www.seleniumhq.org/exceptions/no_such_element.html
Build info: version: '3.141.59', revision: 'e82be7d358', time: '2018-11-14T08:17:03'
System info: host: 'DESKTOP-0AB3449', ip: '192.168.45.213', os.name: 'Windows 10', os.arch: 'amd64', os.version: '10.0', java.version: '11.0.20.1'
Driver info: org.openqa.selenium.chrome.ChromeDriver
Capabilities {acceptInsecureCerts: false, browserName: chrome, browserVersion: 117.0.5938.89, chrome: {chromedriverVersion: 117.0.5938.88 (be6afae47212..., userDataDir: C:\Users\User\AppData\Local...}, fedcm:accounts: true, goog:chromeOptions: {debuggerAddress: localhost:64641}, javascriptEnabled: true, networkConnectionEnabled: false, pageLoadStrategy: normal, platform: WINDOWS, platformName: WINDOWS, proxy: Proxy(), setWindowRect: true, strictFileInteractability: false, timeouts: {implicit: 0, pageLoad: 300000, script: 30000}, unhandledPromptBehavior: dismiss and notify, webauthn:extension:credBlob: true, webauthn:extension:largeBlob: true, webauthn:extension:minPinLength: true, webauthn:extension:prf: true, webauthn:virtualAuthenticators: true}
Session ID: 689a4430ccc84137e651d58010096ebe
*** Element info: {Using=xpath, value=//a[contains(text(),'Lista de deseos')]}</error><system-err>no such element: Unable to locate element: {"method":"xpath","selector":"//a[contains(text(),'Lista de deseos')]"}
  (Session info: chrome=117.0.5938.89)
For documentation on this error, please visit: https://www.seleniumhq.org/exceptions/no_such_element.html
Build info: version: '3.141.59', revision: 'e82be7d358', time: '2018-11-14T08:17:03'
System info: host: 'DESKTOP-0AB3449', ip: '192.168.45.213', os.name: 'Windows 10', os.arch: 'amd64', os.version: '10.0', java.version: '11.0.20.1'
Driver info: org.openqa.selenium.chrome.ChromeDriver
Capabilities {acceptInsecureCerts: false, browserName: chrome, browserVersion: 117.0.5938.89, chrome: {chromedriverVersion: 117.0.5938.88 (be6afae47212..., userDataDir: C:\Users\User\AppData\Local...}, fedcm:accounts: true, goog:chromeOptions: {debuggerAddress: localhost:64641}, javascriptEnabled: true, networkConnectionEnabled: false, pageLoadStrategy: normal, platform: WINDOWS, platformName: WINDOWS, proxy: Proxy(), setWindowRect: true, strictFileInteractability: false, timeouts: {implicit: 0, pageLoad: 300000, script: 30000}, unhandledPromptBehavior: dismiss and notify, webauthn:extension:credBlob: true, webauthn:extension:largeBlob: true, webauthn:extension:minPinLength: true, webauthn:extension:prf: true, webauthn:virtualAuthenticators: true}
Session ID: 689a4430ccc84137e651d58010096ebe
*** Element info: {Using=xpath, value=//a[contains(text(),'Lista de deseos')]}&#13;
stepsdefinitions.RegisterStepDefinitions.theUserShouldSeeTheDashboard(RegisterStepDefinitions.java:69)&#13;
✽.the user should see the dashboard(file:///C:/Users/User/Documents/GitHub/Automatizacion-Selenium/ScreenPlay/Projects/RepoSenaSoft/Bon-Bonnite/untitled/src/test/resources/features/register.feature:8)&#13;
</system-err></testcase><testcase name="Register Failed"><error message="no such element: Unable to locate element: {&quot;method&quot;:&quot;xpath&quot;,&quot;selector&quot;:&quot;//ul[@class='woocommerce-error']//li[contains(text(),' Ya hay una cuenta registrada con tu direcciÃ³n de correo electrÃ³nico.')]&quot;}&#10;  (Session info: chrome=117.0.5938.89)&#10;For documentation on this error, please visit: https://www.seleniumhq.org/exceptions/no_such_element.html&#10;Build info: version: '3.141.59', revision: 'e82be7d358', time: '2018-11-14T08:17:03'&#10;System info: host: 'DESKTOP-0AB3449', ip: '192.168.45.213', os.name: 'Windows 10', os.arch: 'amd64', os.version: '10.0', java.version: '11.0.20.1'&#10;Driver info: org.openqa.selenium.chrome.ChromeDriver&#10;Capabilities {acceptInsecureCerts: false, browserName: chrome, browserVersion: 117.0.5938.89, chrome: {chromedriverVersion: 117.0.5938.88 (be6afae47212..., userDataDir: C:\Users\User\AppData\Local...}, fedcm:accounts: true, goog:chromeOptions: {debuggerAddress: localhost:64717}, javascriptEnabled: true, networkConnectionEnabled: false, pageLoadStrategy: normal, platform: WINDOWS, platformName: WINDOWS, proxy: Proxy(), setWindowRect: true, strictFileInteractability: false, timeouts: {implicit: 0, pageLoad: 300000, script: 30000}, unhandledPromptBehavior: dismiss and notify, webauthn:extension:credBlob: true, webauthn:extension:largeBlob: true, webauthn:extension:minPinLength: true, webauthn:extension:prf: true, webauthn:virtualAuthenticators: true}&#10;Session ID: 184092b9af0a0ca8c87ce1e6b7cfccab&#10;*** Element info: {Using=xpath, value=//ul[@class='woocommerce-error']//li[contains(text(),' Ya hay una cuenta registrada con tu direcciÃ³n de correo electrÃ³nico.')]}" type="java.lang.AssertionError">no such element: Unable to locate element: {"method":"xpath","selector":"//ul[@class='woocommerce-error']//li[contains(text(),' Ya hay una cuenta registrada con tu direcciÃ³n de correo electrÃ³nico.')]"}
  (Session info: chrome=117.0.5938.89)
For documentation on this error, please visit: https://www.seleniumhq.org/exceptions/no_such_element.html
Build info: version: '3.141.59', revision: 'e82be7d358', time: '2018-11-14T08:17:03'
System info: host: 'DESKTOP-0AB3449', ip: '192.168.45.213', os.name: 'Windows 10', os.arch: 'amd64', os.version: '10.0', java.version: '11.0.20.1'
Driver info: org.openqa.selenium.chrome.ChromeDriver
Capabilities {acceptInsecureCerts: false, browserName: chrome, browserVersion: 117.0.5938.89, chrome: {chromedriverVersion: 117.0.5938.88 (be6afae47212..., userDataDir: C:\Users\User\AppData\Local...}, fedcm:accounts: true, goog:chromeOptions: {debuggerAddress: localhost:64717}, javascriptEnabled: true, networkConnectionEnabled: false, pageLoadStrategy: normal, platform: WINDOWS, platformName: WINDOWS, proxy: Proxy(), setWindowRect: true, strictFileInteractability: false, timeouts: {implicit: 0, pageLoad: 300000, script: 30000}, unhandledPromptBehavior: dismiss and notify, webauthn:extension:credBlob: true, webauthn:extension:largeBlob: true, webauthn:extension:minPinLength: true, webauthn:extension:prf: true, webauthn:virtualAuthenticators: true}
Session ID: 184092b9af0a0ca8c87ce1e6b7cfccab
*** Element info: {Using=xpath, value=//ul[@class='woocommerce-error']//li[contains(text(),' Ya hay una cuenta registrada con tu direcciÃ³n de correo electrÃ³nico.')]}</error><system-err>no such element: Unable to locate element: {"method":"xpath","selector":"//ul[@class='woocommerce-error']//li[contains(text(),' Ya hay una cuenta registrada con tu direcciÃ³n de correo electrÃ³nico.')]"}
  (Session info: chrome=117.0.5938.89)
For documentation on this error, please visit: https://www.seleniumhq.org/exceptions/no_such_element.html
Build info: version: '3.141.59', revision: 'e82be7d358', time: '2018-11-14T08:17:03'
System info: host: 'DESKTOP-0AB3449', ip: '192.168.45.213', os.name: 'Windows 10', os.arch: 'amd64', os.version: '10.0', java.version: '11.0.20.1'
Driver info: org.openqa.selenium.chrome.ChromeDriver
Capabilities {acceptInsecureCerts: false, browserName: chrome, browserVersion: 117.0.5938.89, chrome: {chromedriverVersion: 117.0.5938.88 (be6afae47212..., userDataDir: C:\Users\User\AppData\Local...}, fedcm:accounts: true, goog:chromeOptions: {debuggerAddress: localhost:64717}, javascriptEnabled: true, networkConnectionEnabled: false, pageLoadStrategy: normal, platform: WINDOWS, platformName: WINDOWS, proxy: Proxy(), setWindowRect: true, strictFileInteractability: false, timeouts: {implicit: 0, pageLoad: 300000, script: 30000}, unhandledPromptBehavior: dismiss and notify, webauthn:extension:credBlob: true, webauthn:extension:largeBlob: true, webauthn:extension:minPinLength: true, webauthn:extension:prf: true, webauthn:virtualAuthenticators: true}
Session ID: 184092b9af0a0ca8c87ce1e6b7cfccab
*** Element info: {Using=xpath, value=//ul[@class='woocommerce-error']//li[contains(text(),' Ya hay una cuenta registrada con tu direcciÃ³n de correo electrÃ³nico.')]}&#13;
stepsdefinitions.RegisterStepDefinitions.theUserShouldSeeAErrorMessage(RegisterStepDefinitions.java:87)&#13;
✽.the user should see a error message(file:///C:/Users/User/Documents/GitHub/Automatizacion-Selenium/ScreenPlay/Projects/RepoSenaSoft/Bon-Bonnite/untitled/src/test/resources/features/register.feature:19)&#13;
</system-err></testcase><testcase name="Register Empty"><error message="no such element: Unable to locate element: {&quot;method&quot;:&quot;xpath&quot;,&quot;selector&quot;:&quot;//ul[@class='woocommerce-error']//li[contains(text(),' Ya hay una cuenta registrada con tu direcciÃ³n de correo electrÃ³nico.')]&quot;}&#10;  (Session info: chrome=117.0.5938.89)&#10;For documentation on this error, please visit: https://www.seleniumhq.org/exceptions/no_such_element.html&#10;Build info: version: '3.141.59', revision: 'e82be7d358', time: '2018-11-14T08:17:03'&#10;System info: host: 'DESKTOP-0AB3449', ip: '192.168.45.213', os.name: 'Windows 10', os.arch: 'amd64', os.version: '10.0', java.version: '11.0.20.1'&#10;Driver info: org.openqa.selenium.chrome.ChromeDriver&#10;Capabilities {acceptInsecureCerts: false, browserName: chrome, browserVersion: 117.0.5938.89, chrome: {chromedriverVersion: 117.0.5938.88 (be6afae47212..., userDataDir: C:\Users\User\AppData\Local...}, fedcm:accounts: true, goog:chromeOptions: {debuggerAddress: localhost:64795}, javascriptEnabled: true, networkConnectionEnabled: false, pageLoadStrategy: normal, platform: WINDOWS, platformName: WINDOWS, proxy: Proxy(), setWindowRect: true, strictFileInteractability: false, timeouts: {implicit: 0, pageLoad: 300000, script: 30000}, unhandledPromptBehavior: dismiss and notify, webauthn:extension:credBlob: true, webauthn:extension:largeBlob: true, webauthn:extension:minPinLength: true, webauthn:extension:prf: true, webauthn:virtualAuthenticators: true}&#10;Session ID: cde189555dff1376ef9f741b8ce39912&#10;*** Element info: {Using=xpath, value=//ul[@class='woocommerce-error']//li[contains(text(),' Ya hay una cuenta registrada con tu direcciÃ³n de correo electrÃ³nico.')]}" type="java.lang.AssertionError">no such element: Unable to locate element: {"method":"xpath","selector":"//ul[@class='woocommerce-error']//li[contains(text(),' Ya hay una cuenta registrada con tu direcciÃ³n de correo electrÃ³nico.')]"}
  (Session info: chrome=117.0.5938.89)
For documentation on this error, please visit: https://www.seleniumhq.org/exceptions/no_such_element.html
Build info: version: '3.141.59', revision: 'e82be7d358', time: '2018-11-14T08:17:03'
System info: host: 'DESKTOP-0AB3449', ip: '192.168.45.213', os.name: 'Windows 10', os.arch: 'amd64', os.version: '10.0', java.version: '11.0.20.1'
Driver info: org.openqa.selenium.chrome.ChromeDriver
Capabilities {acceptInsecureCerts: false, browserName: chrome, browserVersion: 117.0.5938.89, chrome: {chromedriverVersion: 117.0.5938.88 (be6afae47212..., userDataDir: C:\Users\User\AppData\Local...}, fedcm:accounts: true, goog:chromeOptions: {debuggerAddress: localhost:64795}, javascriptEnabled: true, networkConnectionEnabled: false, pageLoadStrategy: normal, platform: WINDOWS, platformName: WINDOWS, proxy: Proxy(), setWindowRect: true, strictFileInteractability: false, timeouts: {implicit: 0, pageLoad: 300000, script: 30000}, unhandledPromptBehavior: dismiss and notify, webauthn:extension:credBlob: true, webauthn:extension:largeBlob: true, webauthn:extension:minPinLength: true, webauthn:extension:prf: true, webauthn:virtualAuthenticators: true}
Session ID: cde189555dff1376ef9f741b8ce39912
*** Element info: {Using=xpath, value=//ul[@class='woocommerce-error']//li[contains(text(),' Ya hay una cuenta registrada con tu direcciÃ³n de correo electrÃ³nico.')]}</error><system-err>no such element: Unable to locate element: {"method":"xpath","selector":"//ul[@class='woocommerce-error']//li[contains(text(),' Ya hay una cuenta registrada con tu direcciÃ³n de correo electrÃ³nico.')]"}
  (Session info: chrome=117.0.5938.89)
For documentation on this error, please visit: https://www.seleniumhq.org/exceptions/no_such_element.html
Build info: version: '3.141.59', revision: 'e82be7d358', time: '2018-11-14T08:17:03'
System info: host: 'DESKTOP-0AB3449', ip: '192.168.45.213', os.name: 'Windows 10', os.arch: 'amd64', os.version: '10.0', java.version: '11.0.20.1'
Driver info: org.openqa.selenium.chrome.ChromeDriver
Capabilities {acceptInsecureCerts: false, browserName: chrome, browserVersion: 117.0.5938.89, chrome: {chromedriverVersion: 117.0.5938.88 (be6afae47212..., userDataDir: C:\Users\User\AppData\Local...}, fedcm:accounts: true, goog:chromeOptions: {debuggerAddress: localhost:64795}, javascriptEnabled: true, networkConnectionEnabled: false, pageLoadStrategy: normal, platform: WINDOWS, platformName: WINDOWS, proxy: Proxy(), setWindowRect: true, strictFileInteractability: false, timeouts: {implicit: 0, pageLoad: 300000, script: 30000}, unhandledPromptBehavior: dismiss and notify, webauthn:extension:credBlob: true, webauthn:extension:largeBlob: true, webauthn:extension:minPinLength: true, webauthn:extension:prf: true, webauthn:virtualAuthenticators: true}
Session ID: cde189555dff1376ef9f741b8ce39912
*** Element info: {Using=xpath, value=//ul[@class='woocommerce-error']//li[contains(text(),' Ya hay una cuenta registrada con tu direcciÃ³n de correo electrÃ³nico.')]}&#13;
stepsdefinitions.RegisterStepDefinitions.theUserShouldSeeAErrorMessage(RegisterStepDefinitions.java:87)&#13;
✽.the user should see a error message(file:///C:/Users/User/Documents/GitHub/Automatizacion-Selenium/ScreenPlay/Projects/RepoSenaSoft/Bon-Bonnite/untitled/src/test/resources/features/register.feature:30)&#13;
</system-err></testcase></testsuite>